{"B:\\practice-nodejs-php-typescript-angular\\applications\\Project-NodeJs\\node.js-crud-mysql-and-unit-test-with-jest\\configuration\\dbconfig.ts": {"path":"B:\\practice-nodejs-php-typescript-angular\\applications\\Project-NodeJs\\node.js-crud-mysql-and-unit-test-with-jest\\configuration\\dbconfig.ts","statementMap":{"0":{"start":{"line":1,"column":0},"end":{"line":1,"column":33}},"1":{"start":{"line":2,"column":0},"end":{"line":2,"column":29}},"2":{"start":{"line":3,"column":0},"end":{"line":3,"column":36}},"3":{"start":{"line":6,"column":0},"end":{"line":6,"column":61}},"4":{"start":{"line":8,"column":24},"end":{"line":20,"column":1}},"5":{"start":{"line":9,"column":4},"end":{"line":19,"column":6}},"6":{"start":{"line":8,"column":13},"end":{"line":8,"column":24}}},"fnMap":{"0":{"name":"(anonymous_9)","decl":{"start":{"line":8,"column":24},"end":{"line":8,"column":39}},"loc":{"start":{"line":8,"column":41},"end":{"line":20,"column":1}}}},"branchMap":{},"s":{"0":1,"1":1,"2":1,"3":1,"4":1,"5":0,"6":1},"f":{"0":0},"b":{}}
,"B:\\practice-nodejs-php-typescript-angular\\applications\\Project-NodeJs\\node.js-crud-mysql-and-unit-test-with-jest\\entities\\book.ts": {"path":"B:\\practice-nodejs-php-typescript-angular\\applications\\Project-NodeJs\\node.js-crud-mysql-and-unit-test-with-jest\\entities\\book.ts","statementMap":{"0":{"start":{"line":1,"column":0},"end":{"line":1,"column":50}},"1":{"start":{"line":2,"column":0},"end":{"line":2,"column":75}},"2":{"start":{"line":5,"column":20},"end":{"line":29,"column":1}},"3":{"start":{"line":6,"column":4},"end":{"line":28,"column":null}},"4":{"start":{"line":5,"column":13},"end":{"line":5,"column":20}}},"fnMap":{"0":{"name":"(anonymous_0)","decl":{"start":{"line":5,"column":20},"end":{"line":5,"column":42}},"loc":{"start":{"line":5,"column":44},"end":{"line":29,"column":1}}}},"branchMap":{},"s":{"0":1,"1":1,"2":1,"3":0,"4":1},"f":{"0":0},"b":{}}
,"B:\\practice-nodejs-php-typescript-angular\\applications\\Project-NodeJs\\node.js-crud-mysql-and-unit-test-with-jest\\services\\book-service.ts": {"path":"B:\\practice-nodejs-php-typescript-angular\\applications\\Project-NodeJs\\node.js-crud-mysql-and-unit-test-with-jest\\services\\book-service.ts","statementMap":{"0":{"start":{"line":1,"column":0},"end":{"line":1,"column":38}},"1":{"start":{"line":3,"column":0},"end":{"line":3,"column":37}},"2":{"start":{"line":5,"column":21},"end":{"line":18,"column":null}},"3":{"start":{"line":5,"column":51},"end":{"line":18,"column":null}},"4":{"start":{"line":6,"column":4},"end":{"line":17,"column":5}},"5":{"start":{"line":7,"column":22},"end":{"line":7,"column":44}},"6":{"start":{"line":8,"column":8},"end":{"line":13,"column":9}},"7":{"start":{"line":9,"column":12},"end":{"line":9,"column":null}},"8":{"start":{"line":11,"column":12},"end":{"line":11,"column":null}},"9":{"start":{"line":12,"column":12},"end":{"line":12,"column":null}},"10":{"start":{"line":15,"column":8},"end":{"line":15,"column":null}},"11":{"start":{"line":16,"column":8},"end":{"line":16,"column":null}},"12":{"start":{"line":5,"column":13},"end":{"line":5,"column":21}},"13":{"start":{"line":20,"column":20},"end":{"line":33,"column":null}},"14":{"start":{"line":20,"column":66},"end":{"line":33,"column":null}},"15":{"start":{"line":21,"column":4},"end":{"line":32,"column":5}},"16":{"start":{"line":22,"column":25},"end":{"line":22,"column":50}},"17":{"start":{"line":23,"column":8},"end":{"line":28,"column":9}},"18":{"start":{"line":24,"column":12},"end":{"line":24,"column":null}},"19":{"start":{"line":26,"column":12},"end":{"line":26,"column":null}},"20":{"start":{"line":27,"column":12},"end":{"line":27,"column":null}},"21":{"start":{"line":30,"column":8},"end":{"line":30,"column":null}},"22":{"start":{"line":31,"column":8},"end":{"line":31,"column":null}},"23":{"start":{"line":20,"column":13},"end":{"line":20,"column":20}}},"fnMap":{"0":{"name":"(anonymous_8)","decl":{"start":{"line":5,"column":21},"end":{"line":5,"column":49}},"loc":{"start":{"line":5,"column":51},"end":{"line":18,"column":null}}},"1":{"name":"(anonymous_9)","decl":{"start":{"line":5,"column":51},"end":{"line":5,"column":null}},"loc":{"start":{"line":5,"column":51},"end":{"line":18,"column":1}}},"2":{"name":"(anonymous_10)","decl":{"start":{"line":20,"column":20},"end":{"line":20,"column":27}},"loc":{"start":{"line":20,"column":66},"end":{"line":33,"column":null}}},"3":{"name":"(anonymous_11)","decl":{"start":{"line":20,"column":66},"end":{"line":20,"column":null}},"loc":{"start":{"line":20,"column":66},"end":{"line":33,"column":1}}}},"branchMap":{"0":{"loc":{"start":{"line":8,"column":8},"end":{"line":13,"column":9}},"type":"if","locations":[{"start":{"line":8,"column":8},"end":{"line":13,"column":9}},{"start":{"line":10,"column":15},"end":{"line":13,"column":9}}]},"1":{"loc":{"start":{"line":23,"column":8},"end":{"line":28,"column":9}},"type":"if","locations":[{"start":{"line":23,"column":8},"end":{"line":28,"column":9}},{"start":{"line":25,"column":15},"end":{"line":28,"column":9}}]}},"s":{"0":1,"1":1,"2":1,"3":1,"4":1,"5":1,"6":1,"7":1,"8":0,"9":0,"10":0,"11":0,"12":1,"13":1,"14":1,"15":1,"16":1,"17":1,"18":1,"19":0,"20":0,"21":0,"22":0,"23":1},"f":{"0":1,"1":1,"2":1,"3":1},"b":{"0":[1,0],"1":[1,0]}}
}
